#
# There is insufficient memory for the Java Runtime Environment to continue.
# Native memory allocation (malloc) failed to allocate 254656 bytes for Chunk::new
# Possible reasons:
#   The system is out of physical RAM or swap space
#   In 32 bit mode, the process size limit was hit
# Possible solutions:
#   Reduce memory load on the system
#   Increase physical memory or swap space
#   Check if swap backing store is full
#   Use 64 bit Java on a 64 bit OS
#   Decrease Java heap size (-Xmx/-Xms)
#   Decrease number of Java threads
#   Decrease Java thread stack sizes (-Xss)
#   Set larger code cache with -XX:ReservedCodeCacheSize=
# This output file may be truncated or incomplete.
#
#  Out of Memory Error (allocation.cpp:390), pid=16772, tid=0x0000000000007684
#
# JRE version: Java(TM) SE Runtime Environment (8.0_171-b11) (build 1.8.0_171-b11)
# Java VM: Java HotSpot(TM) 64-Bit Server VM (25.171-b11 mixed mode windows-amd64 compressed oops)
# Failed to write core dump. Minidumps are not enabled by default on client versions of Windows
#

---------------  T H R E A D  ---------------

Current thread (0x000000001d1bc800):  JavaThread "C2 CompilerThread1" daemon [_thread_in_native, id=30340, stack(0x000000001d9c0000,0x000000001dac0000)]

Stack: [0x000000001d9c0000,0x000000001dac0000]
[error occurred during error reporting (printing stack bounds), id 0xc0000005]

Native frames: (J=compiled Java code, j=interpreted, Vv=VM code, C=native code)


Current CompileTask:
C2:  16224 1050       4       java.lang.String::split (326 bytes)


---------------  P R O C E S S  ---------------

Java Threads: ( => current thread )
  0x000000001e65a800 JavaThread "pool-2-thread-1" [_thread_in_vm, id=35552, stack(0x00000000214a0000,0x00000000215a0000)]
  0x000000001e424000 JavaThread "Timer-0" daemon [_thread_blocked, id=24008, stack(0x000000001f1d0000,0x000000001f2d0000)]
  0x000000001e3fc800 JavaThread "pool-1-thread-2" [_thread_blocked, id=13772, stack(0x000000001ee50000,0x000000001ef50000)]
  0x000000001e217000 JavaThread "pool-1-thread-1" [_thread_blocked, id=28052, stack(0x000000001f000000,0x000000001f100000)]
  0x00000000020a8000 JavaThread "DestroyJavaVM" [_thread_blocked, id=18096, stack(0x0000000002320000,0x0000000002420000)]
  0x000000001e21e000 JavaThread "Thread-3" [_thread_in_native, id=11752, stack(0x000000001df20000,0x000000001e020000)]
  0x000000001e21c000 JavaThread "server-timer" daemon [_thread_blocked, id=23244, stack(0x000000001ec20000,0x000000001ed20000)]
  0x000000001d241800 JavaThread "Service Thread" daemon [_thread_blocked, id=18588, stack(0x000000001ddc0000,0x000000001dec0000)]
  0x000000001d1c4000 JavaThread "C1 CompilerThread2" daemon [_thread_blocked, id=21928, stack(0x000000001db90000,0x000000001dc90000)]
=>0x000000001d1bc800 JavaThread "C2 CompilerThread1" daemon [_thread_in_native, id=30340, stack(0x000000001d9c0000,0x000000001dac0000)]
  0x000000001d1ba000 JavaThread "C2 CompilerThread0" daemon [_thread_in_native, id=14252, stack(0x000000001cf70000,0x000000001d070000)]
  0x000000001d1b8800 JavaThread "Attach Listener" daemon [_thread_blocked, id=36108, stack(0x000000001d7b0000,0x000000001d8b0000)]
  0x000000001d1b5800 JavaThread "Signal Dispatcher" daemon [_thread_blocked, id=10804, stack(0x000000001d610000,0x000000001d710000)]
  0x000000001bd7c000 JavaThread "Finalizer" daemon [_thread_blocked, id=27424, stack(0x000000001d0a0000,0x000000001d1a0000)]
  0x000000001bd34000 JavaThread "Reference Handler" daemon [_thread_blocked, id=33572, stack(0x000000001ce40000,0x000000001cf40000)]

Other Threads:
  0x000000001bd2c800 VMThread [stack: 0x000000001cd40000,0x000000001ce40000] [id=9644]
  0x000000001d29f800 WatcherThread [stack: 0x000000001e020000,0x000000001e120000] [id=19540]

VM state:not at safepoint (normal execution)

VM Mutex/Monitor currently owned by a thread: None

Heap:
 PSYoungGen      total 375808K, used 272670K [0x000000076ab00000, 0x000000079a600000, 0x00000007c0000000)
  eden space 122368K, 91% used [0x000000076ab00000,0x00000007718ed5a0,0x0000000772280000)
  from space 253440K, 63% used [0x0000000772280000,0x000000077beda448,0x0000000781a00000)
  to   space 317440K, 0% used [0x0000000787000000,0x0000000787000000,0x000000079a600000)
 ParOldGen       total 513536K, used 513309K [0x00000006c0000000, 0x00000006df580000, 0x000000076ab00000)
  object space 513536K, 99% used [0x00000006c0000000,0x00000006df5477a0,0x00000006df580000)
 Metaspace       used 10475K, capacity 10774K, committed 11136K, reserved 1058816K
  class space    used 1189K, capacity 1298K, committed 1408K, reserved 1048576K

Card table byte_map: [0x00000000117e0000,0x0000000011ff0000] byte_map_base: 0x000000000e1e0000

Marking Bits: (ParMarkBitMap*) 0x00000000555b08c0
 Begin Bits: [0x0000000012ba0000, 0x0000000016ba0000)
 End Bits:   [0x0000000016ba0000, 0x000000001aba0000)

Polling page: 0x0000000000150000

CodeCache: size=245760Kb used=4108Kb max_used=4108Kb free=241651Kb
 bounds [0x0000000002420000, 0x0000000002830000, 0x0000000011420000]
 total_blobs=1416 nmethods=1063 adapters=266
 compilation: enabled

Compilation events (10 events):
Event: 16.210 Thread 0x000000001d1c4000 nmethod 1065 0x00000000027ff690 code [0x00000000027ff800, 0x00000000027ffc28]
Event: 16.210 Thread 0x000000001d1c4000 1066       3       java.io.WinNTFileSystem::prefixLength (91 bytes)
Event: 16.211 Thread 0x000000001d1c4000 nmethod 1066 0x000000000281b210 code [0x000000000281b400, 0x000000000281bf88]
Event: 16.213 Thread 0x000000001d1c4000 1067       3       java.util.regex.Matcher::matches (10 bytes)
Event: 16.213 Thread 0x000000001d1c4000 nmethod 1067 0x00000000027ff290 code [0x00000000027ff400, 0x00000000027ff608]
Event: 16.213 Thread 0x000000001d1c4000 1069       3       edu.stanford.nlp.util.ArrayCoreMap::get (50 bytes)
Event: 16.213 Thread 0x000000001d1c4000 nmethod 1069 0x000000000281aad0 code [0x000000000281ac60, 0x000000000281b028]
Event: 16.213 Thread 0x000000001d1c4000 1071       3       java.util.regex.Pattern::sequence (553 bytes)
Event: 16.216 Thread 0x000000001d1ba000 nmethod 1059% 0x00000000028212d0 code [0x00000000028214a0, 0x0000000002821e90]
Event: 16.216 Thread 0x000000001d1ba000 1061       4       java.util.AbstractCollection::toArray (147 bytes)

GC Heap History (10 events):
Event: 6.015 GC heap before
{Heap before GC invocations=11 (full 3):
 PSYoungGen      total 278016K, used 127968K [0x000000076ab00000, 0x000000078a500000, 0x00000007c0000000)
  eden space 150016K, 0% used [0x000000076ab00000,0x000000076ab00000,0x0000000773d80000)
  from space 128000K, 99% used [0x000000077dd00000,0x00000007859f8010,0x0000000785a00000)
  to   space 163328K, 0% used [0x0000000773d80000,0x0000000773d80000,0x000000077dd00000)
 ParOldGen       total 329216K, used 274825K [0x00000006c0000000, 0x00000006d4180000, 0x000000076ab00000)
  object space 329216K, 83% used [0x00000006c0000000,0x00000006d0c62568,0x00000006d4180000)
 Metaspace       used 9947K, capacity 10236K, committed 10496K, reserved 1058816K
  class space    used 1124K, capacity 1219K, committed 1280K, reserved 1048576K
Event: 8.293 GC heap after
Heap after GC invocations=11 (full 3):
 PSYoungGen      total 278016K, used 49596K [0x000000076ab00000, 0x000000078a500000, 0x00000007c0000000)
  eden space 150016K, 0% used [0x000000076ab00000,0x000000076ab00000,0x0000000773d80000)
  from space 128000K, 38% used [0x000000077dd00000,0x0000000780d6f150,0x0000000785a00000)
  to   space 163328K, 0% used [0x0000000773d80000,0x0000000773d80000,0x000000077dd00000)
 ParOldGen       total 513536K, used 327511K [0x00000006c0000000, 0x00000006df580000, 0x000000076ab00000)
  object space 513536K, 63% used [0x00000006c0000000,0x00000006d3fd5c18,0x00000006df580000)
 Metaspace       used 9947K, capacity 10236K, committed 10496K, reserved 1058816K
  class space    used 1124K, capacity 1219K, committed 1280K, reserved 1048576K
}
Event: 8.483 GC heap before
{Heap before GC invocations=12 (full 3):
 PSYoungGen      total 278016K, used 199612K [0x000000076ab00000, 0x000000078a500000, 0x00000007c0000000)
  eden space 150016K, 100% used [0x000000076ab00000,0x0000000773d80000,0x0000000773d80000)
  from space 128000K, 38% used [0x000000077dd00000,0x0000000780d6f150,0x0000000785a00000)
  to   space 163328K, 0% used [0x0000000773d80000,0x0000000773d80000,0x000000077dd00000)
 ParOldGen       total 513536K, used 327511K [0x00000006c0000000, 0x00000006df580000, 0x000000076ab00000)
  object space 513536K, 63% used [0x00000006c0000000,0x00000006d3fd5c18,0x00000006df580000)
 Metaspace       used 9947K, capacity 10236K, committed 10496K, reserved 1058816K
  class space    used 1124K, capacity 1219K, committed 1280K, reserved 1048576K
Event: 8.717 GC heap after
Heap after GC invocations=12 (full 3):
 PSYoungGen      total 313344K, used 163296K [0x000000076ab00000, 0x000000078d800000, 0x00000007c0000000)
  eden space 150016K, 0% used [0x000000076ab00000,0x000000076ab00000,0x0000000773d80000)
  from space 163328K, 99% used [0x0000000773d80000,0x000000077dcf8030,0x000000077dd00000)
  to   space 194560K, 0% used [0x0000000781a00000,0x0000000781a00000,0x000000078d800000)
 ParOldGen       total 513536K, used 334439K [0x00000006c0000000, 0x00000006df580000, 0x000000076ab00000)
  object space 513536K, 65% used [0x00000006c0000000,0x00000006d4699c18,0x00000006df580000)
 Metaspace       used 9947K, capacity 10236K, committed 10496K, reserved 1058816K
  class space    used 1124K, capacity 1219K, committed 1280K, reserved 1048576K
}
Event: 10.096 GC heap before
{Heap before GC invocations=13 (full 3):
 PSYoungGen      total 313344K, used 313312K [0x000000076ab00000, 0x000000078d800000, 0x00000007c0000000)
  eden space 150016K, 100% used [0x000000076ab00000,0x0000000773d80000,0x0000000773d80000)
  from space 163328K, 99% used [0x0000000773d80000,0x000000077dcf8030,0x000000077dd00000)
  to   space 194560K, 0% used [0x0000000781a00000,0x0000000781a00000,0x000000078d800000)
 ParOldGen       total 513536K, used 334439K [0x00000006c0000000, 0x00000006df580000, 0x000000076ab00000)
  object space 513536K, 65% used [0x00000006c0000000,0x00000006d4699c18,0x00000006df580000)
 Metaspace       used 10022K, capacity 10266K, committed 10496K, reserved 1058816K
  class space    used 1130K, capacity 1224K, committed 1280K, reserved 1048576K
Event: 10.400 GC heap after
Heap after GC invocations=13 (full 3):
 PSYoungGen      total 316928K, used 194541K [0x000000076ab00000, 0x0000000794a00000, 0x00000007c0000000)
  eden space 122368K, 0% used [0x000000076ab00000,0x000000076ab00000,0x0000000772280000)
  from space 194560K, 99% used [0x0000000781a00000,0x000000078d7fb550,0x000000078d800000)
  to   space 253440K, 0% used [0x0000000772280000,0x0000000772280000,0x0000000781a00000)
 ParOldGen       total 513536K, used 408152K [0x00000006c0000000, 0x00000006df580000, 0x000000076ab00000)
  object space 513536K, 79% used [0x00000006c0000000,0x00000006d8e96218,0x00000006df580000)
 Metaspace       used 10022K, capacity 10266K, committed 10496K, reserved 1058816K
  class space    used 1130K, capacity 1224K, committed 1280K, reserved 1048576K
}
Event: 11.910 GC heap before
{Heap before GC invocations=14 (full 3):
 PSYoungGen      total 316928K, used 316909K [0x000000076ab00000, 0x0000000794a00000, 0x00000007c0000000)
  eden space 122368K, 100% used [0x000000076ab00000,0x0000000772280000,0x0000000772280000)
  from space 194560K, 99% used [0x0000000781a00000,0x000000078d7fb550,0x000000078d800000)
  to   space 253440K, 0% used [0x0000000772280000,0x0000000772280000,0x0000000781a00000)
 ParOldGen       total 513536K, used 408152K [0x00000006c0000000, 0x00000006df580000, 0x000000076ab00000)
  object space 513536K, 79% used [0x00000006c0000000,0x00000006d8e96218,0x00000006df580000)
 Metaspace       used 10199K, capacity 10544K, committed 10752K, reserved 1058816K
  class space    used 1153K, capacity 1265K, committed 1280K, reserved 1048576K
Event: 12.222 GC heap after
Heap after GC invocations=14 (full 3):
 PSYoungGen      total 375808K, used 253433K [0x000000076ab00000, 0x000000079a600000, 0x00000007c0000000)
  eden space 122368K, 0% used [0x000000076ab00000,0x000000076ab00000,0x0000000772280000)
  from space 253440K, 99% used [0x0000000772280000,0x00000007819fe5a0,0x0000000781a00000)
  to   space 317440K, 0% used [0x0000000787000000,0x0000000787000000,0x000000079a600000)
 ParOldGen       total 513536K, used 465632K [0x00000006c0000000, 0x00000006df580000, 0x000000076ab00000)
  object space 513536K, 90% used [0x00000006c0000000,0x00000006dc6b82c8,0x00000006df580000)
 Metaspace       used 10199K, capacity 10544K, committed 10752K, reserved 1058816K
  class space    used 1153K, capacity 1265K, committed 1280K, reserved 1048576K
}
Event: 12.222 GC heap before
{Heap before GC invocations=15 (full 4):
 PSYoungGen      total 375808K, used 253433K [0x000000076ab00000, 0x000000079a600000, 0x00000007c0000000)
  eden space 122368K, 0% used [0x000000076ab00000,0x000000076ab00000,0x0000000772280000)
  from space 253440K, 99% used [0x0000000772280000,0x00000007819fe5a0,0x0000000781a00000)
  to   space 317440K, 0% used [0x0000000787000000,0x0000000787000000,0x000000079a600000)
 ParOldGen       total 513536K, used 465632K [0x00000006c0000000, 0x00000006df580000, 0x000000076ab00000)
  object space 513536K, 90% used [0x00000006c0000000,0x00000006dc6b82c8,0x00000006df580000)
 Metaspace       used 10199K, capacity 10544K, committed 10752K, reserved 1058816K
  class space    used 1153K, capacity 1265K, committed 1280K, reserved 1048576K
Event: 15.896 GC heap after
Heap after GC invocations=15 (full 4):
 PSYoungGen      total 375808K, used 160105K [0x000000076ab00000, 0x000000079a600000, 0x00000007c0000000)
  eden space 122368K, 0% used [0x000000076ab00000,0x000000076ab00000,0x0000000772280000)
  from space 253440K, 63% used [0x0000000772280000,0x000000077beda448,0x0000000781a00000)
  to   space 317440K, 0% used [0x0000000787000000,0x0000000787000000,0x000000079a600000)
 ParOldGen       total 513536K, used 513309K [0x00000006c0000000, 0x00000006df580000, 0x000000076ab00000)
  object space 513536K, 99% used [0x00000006c0000000,0x00000006df5477a0,0x00000006df580000)
 Metaspace       used 10199K, capacity 10544K, committed 10752K, reserved 1058816K
  class space    used 1153K, capacity 1265K, committed 1280K, reserved 1048576K
}

Deoptimization events (10 events):
Event: 16.133 Thread 0x000000001e65a800 Uncommon trap: reason=class_check action=maybe_recompile pc=0x00000000027caefc method=java.util.AbstractCollection.addAll(Ljava/util/Collection;)Z @ 3
Event: 16.134 Thread 0x000000001e65a800 Uncommon trap: reason=class_check action=maybe_recompile pc=0x00000000027caefc method=java.util.AbstractCollection.addAll(Ljava/util/Collection;)Z @ 3
Event: 16.134 Thread 0x000000001e65a800 Uncommon trap: reason=unstable_if action=reinterpret pc=0x0000000002642edc method=java.lang.AbstractStringBuilder.append(Ljava/lang/String;)Ljava/lang/AbstractStringBuilder; @ 1
Event: 16.136 Thread 0x000000001e65a800 Uncommon trap: reason=class_check action=maybe_recompile pc=0x00000000027af948 method=java.util.HashMap.putVal(ILjava/lang/Object;Ljava/lang/Object;ZZ)Ljava/lang/Object; @ 203
Event: 16.137 Thread 0x000000001e65a800 Uncommon trap: reason=class_check action=maybe_recompile pc=0x00000000027af948 method=java.util.HashMap.putVal(ILjava/lang/Object;Ljava/lang/Object;ZZ)Ljava/lang/Object; @ 203
Event: 16.137 Thread 0x000000001e65a800 Uncommon trap: reason=class_check action=maybe_recompile pc=0x00000000027af948 method=java.util.HashMap.putVal(ILjava/lang/Object;Ljava/lang/Object;ZZ)Ljava/lang/Object; @ 203
Event: 16.142 Thread 0x000000001e65a800 Uncommon trap: reason=class_check action=maybe_recompile pc=0x00000000027af948 method=java.util.HashMap.putVal(ILjava/lang/Object;Ljava/lang/Object;ZZ)Ljava/lang/Object; @ 203
Event: 16.142 Thread 0x000000001e65a800 Uncommon trap: reason=class_check action=maybe_recompile pc=0x00000000026e0ccc method=java.util.HashMap.putVal(ILjava/lang/Object;Ljava/lang/Object;ZZ)Ljava/lang/Object; @ 203
Event: 16.206 Thread 0x000000001e65a800 Uncommon trap: reason=predicate action=maybe_recompile pc=0x00000000027fe6a8 method=java.util.AbstractCollection.toArray([Ljava/lang/Object;)[Ljava/lang/Object; @ 49
Event: 16.209 Thread 0x000000001e65a800 Uncommon trap: reason=unstable_if action=reinterpret pc=0x000000000272c61c method=java.util.zip.InflaterInputStream.read([BII)I @ 69

Classes redefined (0 events):
No events

Internal exceptions (10 events):
Event: 0.234 Thread 0x00000000020a8000 Exception <a 'java/lang/NoSuchFieldError': method resolution failed> (0x000000076ae3e400) thrown at [C:\re\workspace\8-2-build-windows-amd64-cygwin\jdk8u171\10807\hotspot\src\share\vm\prims\methodHandles.cpp, line 1167]
Event: 0.288 Thread 0x00000000020a8000 Exception <a 'java/security/PrivilegedActionException'> (0x000000076afafca0) thrown at [C:\re\workspace\8-2-build-windows-amd64-cygwin\jdk8u171\10807\hotspot\src\share\vm\prims\jvm.cpp, line 1435]
Event: 0.288 Thread 0x00000000020a8000 Exception <a 'java/security/PrivilegedActionException'> (0x000000076afafeb0) thrown at [C:\re\workspace\8-2-build-windows-amd64-cygwin\jdk8u171\10807\hotspot\src\share\vm\prims\jvm.cpp, line 1435]
Event: 0.288 Thread 0x00000000020a8000 Exception <a 'java/security/PrivilegedActionException'> (0x000000076afb3d08) thrown at [C:\re\workspace\8-2-build-windows-amd64-cygwin\jdk8u171\10807\hotspot\src\share\vm\prims\jvm.cpp, line 1435]
Event: 0.289 Thread 0x00000000020a8000 Exception <a 'java/security/PrivilegedActionException'> (0x000000076afb3f18) thrown at [C:\re\workspace\8-2-build-windows-amd64-cygwin\jdk8u171\10807\hotspot\src\share\vm\prims\jvm.cpp, line 1435]
Event: 0.398 Thread 0x00000000020a8000 Exception <a 'java/net/BindException': Address already in use: bind> (0x000000076b0f21c8) thrown at [C:\re\workspace\8-2-build-windows-amd64-cygwin\jdk8u171\10807\hotspot\src\share\vm\prims\jni.cpp, line 735]
Event: 9.486 Thread 0x000000001e3fc800 Implicit null exception at 0x00000000027079b4 to 0x0000000002707db9
Event: 9.491 Thread 0x000000001e3fc800 Implicit null exception at 0x00000000027011a7 to 0x000000000270128d
Event: 16.059 Thread 0x000000001e3fc800 Implicit null exception at 0x00000000027c6461 to 0x00000000027c66d5
Event: 16.134 Thread 0x000000001e65a800 Implicit null exception at 0x0000000002642b16 to 0x0000000002642ec5

Events (10 events):
Event: 16.209 Thread 0x000000001e65a800 DEOPT PACKING pc=0x000000000272c61c sp=0x000000002159df00
Event: 16.209 Thread 0x000000001e65a800 DEOPT UNPACKING pc=0x000000000246583b sp=0x000000002159ded8 mode 2
Event: 16.209 loading class edu/stanford/nlp/wordseg/AffixDictionary
Event: 16.209 loading class edu/stanford/nlp/wordseg/AffixDictionary done
Event: 16.212 loading class edu/stanford/nlp/ie/crf/CRFDatum
Event: 16.212 loading class edu/stanford/nlp/ie/crf/CRFDatum done
Event: 16.213 loading class edu/stanford/nlp/util/Triple
Event: 16.213 loading class edu/stanford/nlp/util/Triple done
Event: 16.215 loading class edu/stanford/nlp/ie/crf/TestSequenceModel
Event: 16.215 loading class edu/stanford/nlp/ie/crf/TestSequenceModel done


Dynamic libraries:
0x000000013f8e0000 - 0x000000013f917000 	C:\Program Files (x86)\Common Files\Oracle\Java\javapath\java.exe
0x00000000772c0000 - 0x000000007745f000 	C:\Windows\SYSTEM32\ntdll.dll
0x00000000771a0000 - 0x00000000772bf000 	C:\Windows\system32\kernel32.dll
0x000007fefd290000 - 0x000007fefd2fa000 	C:\Windows\system32\KERNELBASE.dll
0x000007fefe090000 - 0x000007fefe16b000 	C:\Windows\system32\ADVAPI32.dll
0x000007fefd650000 - 0x000007fefd6ef000 	C:\Windows\system32\msvcrt.dll
0x000007fefe3f0000 - 0x000007fefe40f000 	C:\Windows\SYSTEM32\sechost.dll
0x000007fefe170000 - 0x000007fefe29d000 	C:\Windows\system32\RPCRT4.dll
0x00000000770a0000 - 0x000000007719a000 	C:\Windows\system32\USER32.dll
0x000007fefe410000 - 0x000007fefe477000 	C:\Windows\system32\GDI32.dll
0x000007fefe2a0000 - 0x000007fefe2ae000 	C:\Windows\system32\LPK.dll
0x000007feff4e0000 - 0x000007feff5ab000 	C:\Windows\system32\USP10.dll
0x000007fefbfb0000 - 0x000007fefc1a4000 	C:\Windows\WinSxS\amd64_microsoft.windows.common-controls_6595b64144ccf1df_6.0.7601.18837_none_fa3b1e3d17594757\COMCTL32.dll
0x000007fefd5d0000 - 0x000007fefd641000 	C:\Windows\system32\SHLWAPI.dll
0x000007fefd550000 - 0x000007fefd57e000 	C:\Windows\system32\IMM32.DLL
0x000007fefdf80000 - 0x000007fefe089000 	C:\Windows\system32\MSCTF.dll
0x0000000056b20000 - 0x0000000056bf2000 	C:\Program Files\Java\jre1.8.0_171\bin\msvcr100.dll
0x0000000054d90000 - 0x0000000055630000 	C:\Program Files\Java\jre1.8.0_171\bin\server\jvm.dll
0x000007feefdf0000 - 0x000007feefdf9000 	C:\Windows\system32\WSOCK32.dll
0x000007fefd580000 - 0x000007fefd5cd000 	C:\Windows\system32\WS2_32.dll
0x000007fefd6f0000 - 0x000007fefd6f8000 	C:\Windows\system32\NSI.dll
0x000007fefa460000 - 0x000007fefa49b000 	C:\Windows\system32\WINMM.dll
0x000007fefbd10000 - 0x000007fefbd1c000 	C:\Windows\system32\VERSION.dll
0x0000000077460000 - 0x0000000077467000 	C:\Windows\system32\PSAPI.DLL
0x0000000070a80000 - 0x0000000070a8f000 	C:\Program Files\Java\jre1.8.0_171\bin\verify.dll
0x000000006c630000 - 0x000000006c659000 	C:\Program Files\Java\jre1.8.0_171\bin\java.dll
0x000000006c710000 - 0x000000006c726000 	C:\Program Files\Java\jre1.8.0_171\bin\zip.dll
0x000007fefe6f0000 - 0x000007feff47b000 	C:\Windows\system32\SHELL32.dll
0x000007fefd350000 - 0x000007fefd54d000 	C:\Windows\system32\ole32.dll
0x000007fefcf90000 - 0x000007fefcf9f000 	C:\Windows\system32\profapi.dll
0x000000006c610000 - 0x000000006c62a000 	C:\Program Files\Java\jre1.8.0_171\bin\net.dll
0x000007fefc720000 - 0x000007fefc775000 	C:\Windows\system32\mswsock.dll
0x000007fefc710000 - 0x000007fefc717000 	C:\Windows\System32\wship6.dll
0x000007fefb080000 - 0x000007fefb095000 	C:\Windows\system32\NLAapi.dll
0x000007fefa400000 - 0x000007fefa415000 	C:\Windows\system32\napinsp.dll
0x000007fefa3e0000 - 0x000007fefa3f9000 	C:\Windows\system32\pnrpnsp.dll
0x000007fefc5a0000 - 0x000007fefc5fb000 	C:\Windows\system32\DNSAPI.dll
0x000007fefa580000 - 0x000007fefa58b000 	C:\Windows\System32\winrnr.dll
0x000007fefa350000 - 0x000007fefa360000 	C:\Windows\system32\wshbth.dll
0x000007fefbde0000 - 0x000007fefbde7000 	C:\Windows\System32\wshtcpip.dll
0x000007fefa210000 - 0x000007fefa237000 	C:\Windows\system32\IPHLPAPI.DLL
0x000007fefa200000 - 0x000007fefa20b000 	C:\Windows\system32\WINNSI.DLL
0x000007fef66b0000 - 0x000007fef66b8000 	C:\Windows\system32\rasadhlp.dll
0x000007fefa0a0000 - 0x000007fefa0f3000 	C:\Windows\System32\fwpuclnt.dll
0x000000006c500000 - 0x000000006c511000 	C:\Program Files\Java\jre1.8.0_171\bin\nio.dll
0x000007fefc780000 - 0x000007fefc798000 	C:\Windows\system32\CRYPTSP.dll
0x000007fefc480000 - 0x000007fefc4c7000 	C:\Windows\system32\rsaenh.dll
0x000007fefcfb0000 - 0x000007fefcfce000 	C:\Windows\system32\USERENV.dll
0x000007fefcdf0000 - 0x000007fefcdff000 	C:\Windows\system32\CRYPTBASE.dll
0x000007fefa000000 - 0x000007fefa018000 	C:\Windows\system32\dhcpcsvc.DLL
0x000007fef9fe0000 - 0x000007fef9ff1000 	C:\Windows\system32\dhcpcsvc6.DLL

VM Arguments:
jvm_args: -Xmx4g 
java_command: edu.stanford.nlp.pipeline.StanfordCoreNLPServer -port 9007
java_class_path (initial): C:\Users\siwanghu\Desktop\stanford-corenlp-full\ejml-0.23.jar;C:\Users\siwanghu\Desktop\stanford-corenlp-full\javax.json-api-1.0-sources.jar;C:\Users\siwanghu\Desktop\stanford-corenlp-full\javax.json.jar;C:\Users\siwanghu\Desktop\stanford-corenlp-full\joda-time-2.9-sources.jar;C:\Users\siwanghu\Desktop\stanford-corenlp-full\joda-time.jar;C:\Users\siwanghu\Desktop\stanford-corenlp-full\jollyday-0.4.9-sources.jar;C:\Users\siwanghu\Desktop\stanford-corenlp-full\jollyday.jar;C:\Users\siwanghu\Desktop\stanford-corenlp-full\protobuf.jar;C:\Users\siwanghu\Desktop\stanford-corenlp-full\slf4j-api.jar;C:\Users\siwanghu\Desktop\stanford-corenlp-full\slf4j-simple.jar;C:\Users\siwanghu\Desktop\stanford-corenlp-full\stanford-chinese-corenlp-2016-10-31-models.jar;C:\Users\siwanghu\Desktop\stanford-corenlp-full\stanford-corenlp-3.7.0-javadoc.jar;C:\Users\siwanghu\Desktop\stanford-corenlp-full\stanford-corenlp-3.7.0-models.jar;C:\Users\siwanghu\Desktop\stanford-corenlp-full\stanford-corenlp-3.7.0-sources.jar;C:\Users\siwanghu\Desktop\stanford-corenlp-full\stanford-corenlp-3.7.0.jar;C:\Users\siwanghu\Desktop\stanford-corenlp-full\xom-1.2.10-src.jar;C:\Users\siwanghu\Desktop\stanford-corenlp-full\xom.jar
Launcher Type: SUN_STANDARD

Environment Variables:
JAVA_HOME=C:\Program Files\Java\jdk1.8.0_171
CLASSPATH=.;C:\Program Files\Java\jdk1.8.0_171\lib;C:\Program Files\Java\jdk1.8.0_171\lib\tools.jar
PATH=D:\Users\siwanghu\Anaconda3\envs\tensorflow\Library\bin;D:\Users\siwanghu\Anaconda3\envs\tensorflow\Library\bin;D:\Users\siwanghu\Anaconda3\envs\tensorflow;D:\Users\siwanghu\Anaconda3\envs\tensorflow\Library\mingw-w64\bin;D:\Users\siwanghu\Anaconda3\envs\tensorflow\Library\usr\bin;D:\Users\siwanghu\Anaconda3\envs\tensorflow\Library\bin;D:\Users\siwanghu\Anaconda3\envs\tensorflow\Scripts;D:\Users\siwanghu\Anaconda3\Library\bin;C:\Program Files\Microsoft MPI\Bin\;D:\apache-maven-3.5.3-bin\apache-maven-3.5.3\bin;C:\Program Files (x86)\Common Files\Oracle\Java\javapath;C:\Windows\system32;C:\Windows;C:\Windows\System32\Wbem;C:\Windows\System32\WindowsPowerShell\v1.0\;C:\Program Files\WIDCOMM\Bluetooth Software\;C:\Program Files\WIDCOMM\Bluetooth Software\syswow64;C:\Program Files\Java\jdk1.8.0_171\bin;C:\Program Files\Java\jdk1.8.0_171\jre\bin;D:\Program Files\Git\cmd;D:\Program Files\OpenVPN\bin;C:\Program Files\dotnet\;;D:\Program Files\Microsoft VS Code\bin;D:\Users\siwanghu\Anaconda3\envs\tensorflow\lib\site-packages\numpy\.libs;D:\Users\siwanghu\Anaconda3\envs\tensorflow\lib\site-packages\scipy\extra-dll;D:\Users\siwanghu\Anaconda3\envs\tensorflow\lib\site-packages\numpy\.libs;D:\Users\siwanghu\Anaconda3\envs\tensorflow\lib\site-packages\scipy\extra-dll
USERNAME=siwanghu
OS=Windows_NT
PROCESSOR_IDENTIFIER=Intel64 Family 6 Model 78 Stepping 3, GenuineIntel



---------------  S Y S T E M  ---------------

OS: Windows 7 , 64 bit Build 7601 (6.1.7601.24117)

CPU:total 4 (initial active 4) (2 cores per cpu, 2 threads per core) family 6 model 78 stepping 3, cmov, cx8, fxsr, mmx, sse, sse2, sse3, ssse3, sse4.1, sse4.2, popcnt, avx, avx2, aes, clmul, erms, 3dnowpref, lzcnt, ht, tsc, tscinvbit, bmi1, bmi2, adx

Memory: 4k page, physical 8283572k(249944k free), swap 33132412k(5220k free)

vm_info: Java HotSpot(TM) 64-Bit Server VM (25.171-b11) for windows-amd64 JRE (1.8.0_171-b11), built on Mar 28 2018 16:06:12 by "java_re" with MS VC++ 10.0 (VS2010)

time: Mon Jun 04 16:09:36 2018
elapsed time: 16 seconds (0d 0h 0m 16s)

